2026-05-18 00:55:30,668 [INFO] Loading YOLOv8-nano model from: yolov8n.pt
2026-05-18 00:55:59,157 [CRITICAL] Failed to load YOLO model: ❌  Download failure for https://github.com/ultralytics/assets/releases/download/v8.4.0/yolov8n.pt. Retry limit reached. Curl return value 6
2026-05-18 01:00:30,460 [INFO] Loading YOLOv8-nano model from: yolov8n.pt
2026-05-18 01:00:32,349 [INFO] Model loaded successfully.
2026-05-18 01:00:32,349 [INFO] Opening camera at index 0...
2026-05-18 01:00:32,536 [CRITICAL] Camera error: Camera at index 0 could not be opened. Check USB connection or change CAMERA_INDEX.
2026-05-18 01:00:32,539 [INFO] Test session ended.
2026-05-18 01:00:40,465 [INFO] Loading YOLOv8-nano model from: yolov8n.pt
2026-05-18 01:00:40,503 [INFO] Model loaded successfully.
2026-05-18 01:00:40,504 [INFO] Opening camera at index 0...
2026-05-18 01:00:45,226 [INFO] Discarding 5 warmup frames...
2026-05-18 01:00:45,336 [INFO] Camera ready. Resolution: 1920x1080
2026-05-18 01:00:50,150 [INFO] Scan complete — nothing detected above confidence threshold.
2026-05-18 01:00:57,268 [INFO] Scan result: I can see: a person in front of you, nearby.
2026-05-18 01:00:57,426 [INFO] Scan result: I can see: a person in front of you, nearby.
2026-05-18 01:00:57,864 [INFO] Scan result: I can see: a person in front of you, nearby.
2026-05-18 01:00:58,030 [INFO] Scan result: I can see: a person in front of you, nearby.
2026-05-18 01:00:58,229 [INFO] Scan result: I can see: a person in front of you, nearby.
2026-05-18 01:00:58,910 [INFO] User pressed Q — quitting.
2026-05-18 01:00:59,050 [INFO] Camera released.
2026-05-18 01:00:59,050 [INFO] Test session ended.
2026-05-18 01:01:10,528 [INFO] Loading YOLOv8-nano model from: yolov8n.pt
2026-05-18 01:01:10,562 [INFO] Model loaded successfully.
2026-05-18 01:01:10,563 [INFO] Opening camera at index 0...
2026-05-18 01:01:12,178 [INFO] Discarding 5 warmup frames...
2026-05-18 01:01:12,299 [INFO] Camera ready. Resolution: 1920x1080
2026-05-18 01:01:24,436 [INFO] Scan complete — nothing detected above confidence threshold.
2026-05-18 01:01:33,935 [INFO] Scan complete — nothing detected above confidence threshold.
2026-05-18 01:01:39,340 [INFO] Scan result: I can see: a person in front of you, nearby.
2026-05-18 01:01:44,109 [INFO] Scan result: I can see: a person in front of you, nearby.
2026-05-18 01:01:44,435 [INFO] Scan result: I can see: a person in front of you, nearby.
2026-05-18 01:01:44,566 [INFO] Scan result: I can see: a person in front of you, nearby.
2026-05-18 01:01:44,733 [INFO] Scan result: I can see: a person in front of you, nearby.
2026-05-18 01:01:46,735 [INFO] Scan result: I can see: a person in front of you, nearby.
2026-05-18 01:01:46,967 [INFO] Scan result: I can see: a person in front of you, nearby.
2026-05-18 01:02:15,273 [INFO] Scan result: I can see: a person in front of you, nearby.
2026-05-18 01:02:15,411 [INFO] Scan result: I can see: a person in front of you, nearby.
2026-05-18 01:02:15,612 [INFO] Scan result: I can see: a person in front of you, nearby.
2026-05-18 01:02:15,849 [INFO] Scan result: I can see: a person in front of you, nearby.
2026-05-18 01:02:16,019 [INFO] Scan result: I can see: a person in front of you, nearby.
2026-05-18 01:02:16,210 [INFO] Scan result: I can see: a person in front of you, nearby.
2026-05-18 01:02:16,348 [INFO] Scan result: I can see: a person in front of you, nearby.
2026-05-18 01:02:16,549 [INFO] Scan result: I can see: a person in front of you, nearby.
2026-05-18 01:02:33,368 [INFO] Scan result: I can see: a person in front of you, nearby.
2026-05-18 01:02:33,529 [INFO] Scan result: I can see: a person in front of you, nearby.
2026-05-18 01:02:33,860 [INFO] Scan result: I can see: a person in front of you, nearby.
2026-05-18 01:02:34,029 [INFO] Scan result: I can see: a person in front of you, nearby.
2026-05-18 01:02:34,226 [INFO] Scan result: I can see: a person in front of you, nearby.
2026-05-18 01:02:34,427 [INFO] Scan result: I can see: a person in front of you, nearby.
2026-05-18 01:02:34,662 [INFO] Scan result: I can see: a person in front of you, nearby.
2026-05-18 01:02:34,864 [INFO] Scan result: I can see: a person in front of you, nearby.
2026-05-18 01:02:35,094 [INFO] Scan result: I can see: 2 persons in front of you, nearby.
2026-05-18 01:02:35,329 [INFO] Scan result: I can see: a person in front of you, nearby.
2026-05-18 01:02:35,529 [INFO] Scan complete — nothing detected above confidence threshold.
2026-05-18 01:02:35,728 [INFO] Scan result: I can see: a person in front of you, nearby.
2026-05-18 01:02:35,930 [INFO] Scan result: I can see: 2 persons in front of you, nearby.
2026-05-18 01:02:36,095 [INFO] Scan complete — nothing detected above confidence threshold.
2026-05-18 01:02:36,226 [INFO] Scan result: I can see: a person in front of you, nearby.
2026-05-18 01:02:44,497 [INFO] Shutdown signal received. Releasing camera...
2026-05-18 01:02:44,721 [INFO] Clean exit complete.
2026-05-18 01:02:44,721 [INFO] Test session ended.
2026-05-18 01:07:48,189 [INFO] Loading YOLOv8-nano model from: yolov8n.pt
2026-05-18 01:07:48,227 [INFO] Model loaded successfully.
2026-05-18 01:07:48,227 [INFO] Opening camera at index 0...
2026-05-18 01:07:49,954 [INFO] Discarding 5 warmup frames...
2026-05-18 01:07:50,089 [INFO] Camera ready. Resolution: 1920x1080
2026-05-18 01:07:53,958 [INFO] Scan complete — nothing detected above confidence threshold.
2026-05-18 01:08:09,613 [INFO] Scan result: I can see: a person in front of you, nearby.
2026-05-18 01:08:30,300 [INFO] Shutdown signal received. Releasing camera...
2026-05-18 01:08:30,523 [INFO] Shutdown signal received. Releasing camera...
2026-05-18 01:08:30,524 [INFO] Clean exit complete.
2026-05-18 01:08:30,524 [INFO] Test session ended.
2026-05-18 01:11:05,436 [INFO] Loading YOLOv8-nano model...
2026-05-18 01:11:05,480 [INFO] Model loaded successfully.
2026-05-18 01:11:05,480 [INFO] Opening camera index 0...
2026-05-18 01:11:07,113 [INFO] Warming up camera (5 frames)...
2026-05-18 01:11:07,274 [INFO] Camera ready — 1920x1080
2026-05-18 01:12:57,649 [INFO] TTS: I can see: a person in front of you, nearby.
2026-05-18 01:13:01,887 [INFO] TTS: I can see: a person in front of you, nearby.
2026-05-18 01:13:02,150 [INFO] TTS: I can see: a person in front of you, nearby.
2026-05-18 01:13:02,317 [INFO] TTS: I can see: a person in front of you, nearby.
2026-05-18 01:13:02,549 [INFO] TTS: I can see: a person in front of you, nearby, a person on your left, nearby.
2026-05-18 01:13:02,718 [INFO] TTS: I can see: a person in front of you, nearby.
2026-05-18 01:13:02,919 [INFO] TTS: I can see: a person in front of you, nearby.
2026-05-18 01:15:07,563 [INFO] Shutdown signal — releasing camera...
2026-05-18 01:15:07,802 [INFO] Shutdown signal — releasing camera...
2026-05-18 01:15:07,803 [INFO] Session ended.
2026-05-18 01:15:12,207 [INFO] Loading model: yolov8s.pt
2026-05-18 01:15:15,436 [INFO] Model 'yolov8s.pt' loaded. Classes available: 80
2026-05-18 01:15:15,436 [INFO] Opening camera index 0...
2026-05-18 01:15:17,183 [INFO] Camera ready — 1920x1080
2026-05-18 01:16:33,006 [INFO] Shutdown signal received — releasing camera.
2026-05-18 01:16:33,211 [INFO] Session ended.
2026-05-18 01:18:20,672 [INFO] Loading model: yolov8s.pt
2026-05-18 01:18:20,724 [INFO] Model 'yolov8s.pt' loaded. Classes available: 80
2026-05-18 01:18:20,725 [INFO] Opening camera index 0...
2026-05-18 01:18:22,537 [INFO] Camera ready — 1920x1080
2026-05-18 01:19:23,815 [INFO] Shutdown signal received — releasing camera.
2026-05-18 01:19:24,045 [INFO] Shutdown signal received — releasing camera.
2026-05-18 01:19:24,046 [INFO] Session ended.
