2026-05-18 09:22:04,139 [INFO] Added Symbol: . | Current Sequence: .
2026-05-18 09:22:04,369 [INFO] Added Symbol: . | Current Sequence: ..
2026-05-18 09:22:05,559 [INFO] Added Symbol: . | Current Sequence: ...
2026-05-18 09:22:08,159 [INFO] Added Symbol: - | Current Sequence: ...-
2026-05-18 09:22:09,921 [INFO] Added Symbol: . | Current Sequence: ...-.
2026-05-18 09:22:10,364 [INFO] Added Symbol: - | Current Sequence: ...-.-
2026-05-18 09:22:11,279 [INFO] Added Symbol: . | Current Sequence: ...-.-.
2026-05-18 09:22:15,189 [INFO] Decoded: ...-.-. -> ?
2026-05-18 09:22:34,110 [INFO] Added Symbol: - | Current Sequence: -
2026-05-18 09:22:34,555 [INFO] Added Symbol: . | Current Sequence: -.
2026-05-18 09:22:34,721 [INFO] Added Symbol: . | Current Sequence: -..
2026-05-18 09:22:39,109 [INFO] Added Symbol: . | Current Sequence: -...
2026-05-18 09:22:40,264 [INFO] Added Symbol: - | Current Sequence: -...-
2026-05-18 09:22:46,462 [INFO] Added Symbol: - | Current Sequence: -...--
2026-05-18 09:22:48,952 [INFO] Added Symbol: . | Current Sequence: -...--.
2026-05-18 09:22:49,223 [INFO] Added Symbol: . | Current Sequence: -...--..
2026-05-18 09:22:50,024 [INFO] Added Symbol: - | Current Sequence: -...--..-
2026-05-18 09:22:52,328 [INFO] Decoded: -...--..- -> ?
2026-05-18 09:23:42,159 [INFO] Added Symbol: - | Current Sequence: -
2026-05-18 09:23:42,159 [INFO] Added Symbol: . | Current Sequence: -.
2026-05-18 09:23:42,159 [INFO] Added Symbol: . | Current Sequence: -..
2026-05-18 09:23:44,601 [INFO] Added Symbol: - | Current Sequence: -..-
2026-05-18 09:23:44,601 [INFO] Added Symbol: . | Current Sequence: -..-.
2026-05-18 09:23:44,601 [INFO] Added Symbol: . | Current Sequence: -..-..
2026-05-18 09:23:47,339 [INFO] Decoded: -..-.. -> ?
2026-05-18 09:24:30,442 [INFO] Added Symbol: - | Current Sequence: -
2026-05-18 09:24:30,443 [INFO] Added Symbol: . | Current Sequence: -.
2026-05-18 09:24:30,443 [INFO] Added Symbol: . | Current Sequence: -..
2026-05-18 09:24:36,240 [INFO] Decoded: -.. -> D
2026-05-18 09:25:24,002 [INFO] Deleted Character | Current Word: 
2026-05-18 09:25:30,104 [INFO] Added Symbol: - | Current Sequence: -
2026-05-18 09:25:32,350 [INFO] Decoded: - -> T
2026-05-18 09:25:51,902 [INFO] Added Symbol: . | Current Sequence: .
2026-05-18 09:25:54,365 [INFO] Added Symbol: - | Current Sequence: .-
2026-05-18 09:25:56,205 [INFO] Added Symbol: - | Current Sequence: .--
2026-05-18 09:25:58,042 [INFO] Decoded: .-- -> W
